<?xml version="1.0" encoding="utf-8"?><testsuites name="pytest tests"><testsuite name="pytest" errors="0" failures="0" skipped="0" tests="8" time="12.231" timestamp="2026-09-25T00:43:35.660820+00:00" hostname="agent-env-11c7c25d-93a4-4765-9881-442ed5c88db2"><testcase classname="tests.test_iter33_cover_resume_readonly" name="test_no_generation_process_running_and_catalog_complete" time="0.026" /><testcase classname="tests.test_iter33_cover_resume_readonly" name="test_non_cover_sha_and_exact_27_changed_cover_ids" time="0.024" /><testcase classname="tests.test_iter33_cover_resume_readonly" name="test_editorial_02_stopped_and_9_ids_unchanged" time="0.001" /><testcase classname="tests.test_iter33_cover_resume_readonly" name="test_staged_reports_published_and_master_files_present[report_path0]" time="0.001" /><testcase classname="tests.test_iter33_cover_resume_readonly" name="test_staged_reports_published_and_master_files_present[report_path1]" time="0.001" /><testcase classname="tests.test_iter33_cover_resume_readonly" name="test_staged_reports_published_and_master_files_present[report_path2]" time="0.001" /><testcase classname="tests.test_iter33_cover_resume_readonly" name="test_staged_reports_published_and_master_files_present[report_path3]" time="0.001" /><testcase classname="tests.test_iter33_cover_resume_readonly" name="test_api_detail_and_media_for_27_updated_ids" time="11.759" /></testsuite></testsuites>