<?xml version="1.0" encoding="utf-8"?><testsuites name="pytest tests"><testsuite name="pytest" errors="0" failures="0" skipped="0" tests="5" time="1.753" timestamp="2026-09-25T08:30:05.943849+00:00" hostname="agent-env-48be293d-b392-4af9-9fae-725faa40e0c3"><testcase classname="tests.test_new_badge.TestNewBadgeBackend" name="test_premium_sees_ten_new_stories" time="0.376" /><testcase classname="tests.test_new_badge.TestNewBadgeBackend" name="test_expected_ids_marked_new" time="0.234" /><testcase classname="tests.test_new_badge.TestNewBadgeBackend" name="test_free_user_sees_no_new_stories" time="0.247" /><testcase classname="tests.test_new_badge.TestNewBadgeBackend" name="test_toggle_premium_then_free_hides_new" time="0.369" /><testcase classname="tests.test_new_badge.TestNewBadgeBackend" name="test_new_stories_returned_for_arte_category" time="0.179" /></testsuite></testsuites>