<?xml version="1.0" encoding="utf-8"?><testsuites name="pytest tests"><testsuite name="pytest" errors="0" failures="0" skipped="0" tests="5" time="4.401" timestamp="2026-09-25T13:17:35.991653+00:00" hostname="agent-env-a6637806-a370-44b4-8c2e-6aa29f46402b"><testcase classname="tests.test_iter4_onboarding_profile_api.TestOnboardingProfileApi" name="test_health_ok" time="0.212" /><testcase classname="tests.test_iter4_onboarding_profile_api.TestOnboardingProfileApi" name="test_set_profile_persists_fields_via_get" time="0.225" /><testcase classname="tests.test_iter4_onboarding_profile_api.TestOnboardingProfileApi" name="test_set_profile_partial_update_preserves_other_fields" time="0.230" /><testcase classname="tests.test_iter4_onboarding_profile_api.TestOnboardingProfileApi" name="test_invalid_age_returns_422" time="3.313" /><testcase classname="tests.test_iter4_onboarding_profile_api.TestOnboardingProfileApi" name="test_invalid_gender_returns_422" time="0.116" /></testsuite></testsuites>