<?xml version="1.0" encoding="utf-8"?><testsuites name="pytest tests"><testsuite name="pytest" errors="0" failures="0" skipped="0" tests="5" time="1.778" timestamp="2026-09-25T15:08:23.631923+00:00" hostname="agent-env-a6637806-a370-44b4-8c2e-6aa29f46402b"><testcase classname="tests.test_iter6_topic_preferences_api.TestTopicPreferencesApi" name="test_health_ok" time="0.260" /><testcase classname="tests.test_iter6_topic_preferences_api.TestTopicPreferencesApi" name="test_set_interests_persist_via_get" time="0.299" /><testcase classname="tests.test_iter6_topic_preferences_api.TestTopicPreferencesApi" name="test_set_all_interest_exclusive_persist_via_get" time="0.306" /><testcase classname="tests.test_iter6_topic_preferences_api.TestTopicPreferencesApi" name="test_set_content_modes_stories_only_persist_via_get" time="0.273" /><testcase classname="tests.test_iter6_topic_preferences_api.TestTopicPreferencesApi" name="test_set_content_modes_lessons_only_with_premium_persists" time="0.341" /></testsuite></testsuites>